# JRE version: OpenJDK Runtime Environment Temurin-17.0.9+9 (17.0.9+9) (build 17.0.9+9)
# Java VM: OpenJDK 64-Bit Server VM Temurin-17.0.9+9 (17.0.9+9, mixed mode, emulated-client, tiered, compressed oops, compressed class ptrs, g1 gc, windows-amd64)
GC Precious Log:
 CPUs: 4 total, 4 available
 Memory: 3983M
 Large Page Support: Disabled
 NUMA Support: Disabled
 Compressed Oops: Enabled (32-bit)
 Heap Region Size: 1M
 Heap Min Capacity: 8M
 Heap Initial Capacity: 64M
 Heap Max Capacity: 996M
 Pre-touch: Disabled
 Parallel Workers: 4
 Concurrent Workers: 1
 Concurrent Refinement Workers: 4
 Periodic GC: Disabled
Heap:
 garbage-first heap   total 65536K, used 25555K [0x00000000c1c00000, 0x0000000100000000)
  region size 1024K, 7 young (7168K), 4 survivors (4096K)
 Metaspace       used 65137K, committed 65664K, reserved 1114112K
  class space    used 8775K, committed 9024K, reserved 1048576K
GC Heap History (20 events):
Event: 8.986 GC heap before
{Heap before GC invocations=6 (full 0):
 garbage-first heap   total 37888K, used 11412K [0x00000000c1c00000, 0x0000000100000000)
  region size 1024K, 5 young (5120K), 4 survivors (4096K)
 Metaspace       used 26155K, committed 26432K, reserved 1114112K
  class space    used 3087K, committed 3200K, reserved 1048576K
}
Event: 8.996 GC heap after
{Heap after GC invocations=7 (full 0):
 garbage-first heap   total 37888K, used 10837K [0x00000000c1c00000, 0x0000000100000000)
  region size 1024K, 1 young (1024K), 1 survivors (1024K)
 Metaspace       used 26155K, committed 26432K, reserved 1114112K
  class space    used 3087K, committed 3200K, reserved 1048576K
}
Event: 9.561 GC heap before
{Heap before GC invocations=7 (full 0):
 garbage-first heap   total 37888K, used 24149K [0x00000000c1c00000, 0x0000000100000000)
  region size 1024K, 15 young (15360K), 1 survivors (1024K)
 Metaspace       used 28333K, committed 28672K, reserved 1114112K
  class space    used 3383K, committed 3520K, reserved 1048576K
}
Event: 9.567 GC heap after
{Heap after GC invocations=8 (full 0):
 garbage-first heap   total 37888K, used 12543K [0x00000000c1c00000, 0x0000000100000000)
  region size 1024K, 2 young (2048K), 2 survivors (2048K)
 Metaspace       used 28333K, committed 28672K, reserved 1114112K
  class space    used 3383K, committed 3520K, reserved 1048576K
}
Event: 10.126 GC heap before
{Heap before GC invocations=8 (full 0):
 garbage-first heap   total 37888K, used 25855K [0x00000000c1c00000, 0x0000000100000000)
  region size 1024K, 15 young (15360K), 2 survivors (2048K)
 Metaspace       used 28933K, committed 29312K, reserved 1114112K
  class space    used 3481K, committed 3648K, reserved 1048576K
}
Event: 10.132 GC heap after
{Heap after GC invocations=9 (full 0):
 garbage-first heap   total 37888K, used 13778K [0x00000000c1c00000, 0x0000000100000000)
  region size 1024K, 2 young (2048K), 2 survivors (2048K)
 Metaspace       used 28933K, committed 29312K, reserved 1114112K
  class space    used 3481K, committed 3648K, reserved 1048576K
}
Event: 10.681 GC heap before
{Heap before GC invocations=9 (full 0):
 garbage-first heap   total 37888K, used 25042K [0x00000000c1c00000, 0x0000000100000000)
  region size 1024K, 14 young (14336K), 2 survivors (2048K)
 Metaspace       used 30350K, committed 30656K, reserved 1114112K
  class space    used 3690K, committed 3840K, reserved 1048576K
}
Event: 10.687 GC heap after
{Heap after GC invocations=10 (full 0):
 garbage-first heap   total 69632K, used 14287K [0x00000000c1c00000, 0x0000000100000000)
  region size 1024K, 2 young (2048K), 2 survivors (2048K)
 Metaspace       used 30350K, committed 30656K, reserved 1114112K
  class space    used 3690K, committed 3840K, reserved 1048576K
}
Event: 12.362 GC heap before
{Heap before GC invocations=10 (full 0):
 garbage-first heap   total 69632K, used 50127K [0x00000000c1c00000, 0x0000000100000000)
  region size 1024K, 38 young (38912K), 2 survivors (2048K)
 Metaspace       used 35715K, committed 36096K, reserved 1114112K
  class space    used 4522K, committed 4736K, reserved 1048576K
}
Event: 12.374 GC heap after
{Heap after GC invocations=11 (full 0):
 garbage-first heap   total 69632K, used 17585K [0x00000000c1c00000, 0x0000000100000000)
  region size 1024K, 5 young (5120K), 5 survivors (5120K)
 Metaspace       used 35715K, committed 36096K, reserved 1114112K
  class space    used 4522K, committed 4736K, reserved 1048576K
}
Event: 13.853 GC heap before
{Heap before GC invocations=12 (full 0):
 garbage-first heap   total 65536K, used 51377K [0x00000000c1c00000, 0x0000000100000000)
  region size 1024K, 38 young (38912K), 5 survivors (5120K)
 Metaspace       used 41204K, committed 41664K, reserved 1114112K
  class space    used 5307K, committed 5504K, reserved 1048576K
}
Event: 13.868 GC heap after
{Heap after GC invocations=13 (full 0):
 garbage-first heap   total 65536K, used 19428K [0x00000000c1c00000, 0x0000000100000000)
  region size 1024K, 2 young (2048K), 2 survivors (2048K)
 Metaspace       used 41204K, committed 41664K, reserved 1114112K
  class space    used 5307K, committed 5504K, reserved 1048576K
}
Event: 15.625 GC heap before
{Heap before GC invocations=13 (full 0):
 garbage-first heap   total 65536K, used 49124K [0x00000000c1c00000, 0x0000000100000000)
  region size 1024K, 31 young (31744K), 2 survivors (2048K)
 Metaspace       used 51278K, committed 51776K, reserved 1114112K
  class space    used 6612K, committed 6848K, reserved 1048576K
}
Event: 15.634 GC heap after
{Heap after GC invocations=14 (full 0):
 garbage-first heap   total 65536K, used 21494K [0x00000000c1c00000, 0x0000000100000000)
  region size 1024K, 4 young (4096K), 4 survivors (4096K)
 Metaspace       used 51278K, committed 51776K, reserved 1114112K
  class space    used 6612K, committed 6848K, reserved 1048576K
}
Event: 16.975 GC heap before
{Heap before GC invocations=14 (full 0):
 garbage-first heap   total 65536K, used 49142K [0x00000000c1c00000, 0x0000000100000000)
  region size 1024K, 32 young (32768K), 4 survivors (4096K)
 Metaspace       used 56533K, committed 57024K, reserved 1114112K
  class space    used 7335K, committed 7552K, reserved 1048576K
}
Event: 16.986 GC heap after
{Heap after GC invocations=15 (full 0):
 garbage-first heap   total 65536K, used 23330K [0x00000000c1c00000, 0x0000000100000000)
  region size 1024K, 2 young (2048K), 2 survivors (2048K)
 Metaspace       used 56533K, committed 57024K, reserved 1114112K
  class space    used 7335K, committed 7552K, reserved 1048576K
}
Event: 17.809 GC heap before
{Heap before GC invocations=15 (full 0):
 garbage-first heap   total 65536K, used 32546K [0x00000000c1c00000, 0x0000000100000000)
  region size 1024K, 12 young (12288K), 2 survivors (2048K)
 Metaspace       used 59849K, committed 60288K, reserved 1114112K
  class space    used 7866K, committed 8064K, reserved 1048576K
}
Event: 17.815 GC heap after
{Heap after GC invocations=16 (full 0):
 garbage-first heap   total 65536K, used 23288K [0x00000000c1c00000, 0x0000000100000000)
  region size 1024K, 2 young (2048K), 2 survivors (2048K)
 Metaspace       used 59849K, committed 60288K, reserved 1114112K
  class space    used 7866K, committed 8064K, reserved 1048576K
}
Event: 19.498 GC heap before
{Heap before GC invocations=17 (full 0):
 garbage-first heap   total 65536K, used 49912K [0x00000000c1c00000, 0x0000000100000000)
  region size 1024K, 29 young (29696K), 2 survivors (2048K)
 Metaspace       used 64975K, committed 65536K, reserved 1114112K
  class space    used 8759K, committed 9024K, reserved 1048576K
}
Event: 19.506 GC heap after
{Heap after GC invocations=18 (full 0):
 garbage-first heap   total 65536K, used 24531K [0x00000000c1c00000, 0x0000000100000000)
  region size 1024K, 4 young (4096K), 4 survivors (4096K)
 Metaspace       used 64975K, committed 65536K, reserved 1114112K
  class space    used 8759K, committed 9024K, reserved 1048576K
}

