# JRE version: OpenJDK Runtime Environment Temurin-17.0.9+9 (17.0.9+9) (build 17.0.9+9)
# Java VM: OpenJDK 64-Bit Server VM Temurin-17.0.9+9 (17.0.9+9, mixed mode, tiered, compressed oops, compressed class ptrs, g1 gc, windows-amd64)
GC Precious Log:
 CPUs: 4 total, 4 available
 Memory: 3983M
 Large Page Support: Disabled
 NUMA Support: Disabled
 Compressed Oops: Enabled (32-bit)
 Heap Region Size: 1M
 Heap Min Capacity: 8M
 Heap Initial Capacity: 64M
 Heap Max Capacity: 996M
 Pre-touch: Disabled
 Parallel Workers: 4
 Concurrent Workers: 1
 Concurrent Refinement Workers: 4
 Periodic GC: Disabled
Heap:
 garbage-first heap   total 37888K, used 19408K [0x00000000c1c00000, 0x0000000100000000)
  region size 1024K, 8 young (8192K), 2 survivors (2048K)
 Metaspace       used 31931K, committed 32320K, reserved 1114112K
  class space    used 3678K, committed 3840K, reserved 1048576K
GC Heap History (18 events):
Event: 2.754 GC heap before
{Heap before GC invocations=0 (full 0):
 garbage-first heap   total 65536K, used 13312K [0x00000000c1c00000, 0x0000000100000000)
  region size 1024K, 13 young (13312K), 0 survivors (0K)
 Metaspace       used 10595K, committed 10816K, reserved 1114112K
  class space    used 975K, committed 1088K, reserved 1048576K
}
Event: 2.769 GC heap after
{Heap after GC invocations=1 (full 0):
 garbage-first heap   total 65536K, used 6100K [0x00000000c1c00000, 0x0000000100000000)
  region size 1024K, 2 young (2048K), 2 survivors (2048K)
 Metaspace       used 10595K, committed 10816K, reserved 1114112K
  class space    used 975K, committed 1088K, reserved 1048576K
}
Event: 3.614 GC heap before
{Heap before GC invocations=1 (full 0):
 garbage-first heap   total 65536K, used 16340K [0x00000000c1c00000, 0x0000000100000000)
  region size 1024K, 12 young (12288K), 2 survivors (2048K)
 Metaspace       used 13788K, committed 13952K, reserved 1114112K
  class space    used 1367K, committed 1472K, reserved 1048576K
}
Event: 3.619 GC heap after
{Heap after GC invocations=2 (full 0):
 garbage-first heap   total 65536K, used 6601K [0x00000000c1c00000, 0x0000000100000000)
  region size 1024K, 1 young (1024K), 1 survivors (1024K)
 Metaspace       used 13788K, committed 13952K, reserved 1114112K
  class space    used 1367K, committed 1472K, reserved 1048576K
}
Event: 4.752 GC heap before
{Heap before GC invocations=2 (full 0):
 garbage-first heap   total 65536K, used 29129K [0x00000000c1c00000, 0x0000000100000000)
  region size 1024K, 24 young (24576K), 1 survivors (1024K)
 Metaspace       used 20488K, committed 20736K, reserved 1114112K
  class space    used 2182K, committed 2304K, reserved 1048576K
}
Event: 4.760 GC heap after
{Heap after GC invocations=3 (full 0):
 garbage-first heap   total 65536K, used 8818K [0x00000000c1c00000, 0x0000000100000000)
  region size 1024K, 3 young (3072K), 3 survivors (3072K)
 Metaspace       used 20488K, committed 20736K, reserved 1114112K
  class space    used 2182K, committed 2304K, reserved 1048576K
}
Event: 4.845 GC heap before
{Heap before GC invocations=3 (full 0):
 garbage-first heap   total 65536K, used 10866K [0x00000000c1c00000, 0x0000000100000000)
  region size 1024K, 6 young (6144K), 3 survivors (3072K)
 Metaspace       used 21285K, committed 21568K, reserved 1114112K
  class space    used 2265K, committed 2368K, reserved 1048576K
}
Event: 4.854 GC heap after
{Heap after GC invocations=4 (full 0):
 garbage-first heap   total 65536K, used 9056K [0x00000000c1c00000, 0x0000000100000000)
  region size 1024K, 3 young (3072K), 3 survivors (3072K)
 Metaspace       used 21285K, committed 21568K, reserved 1114112K
  class space    used 2265K, committed 2368K, reserved 1048576K
}
Event: 5.685 GC heap before
{Heap before GC invocations=5 (full 0):
 garbage-first heap   total 37888K, used 26464K [0x00000000c1c00000, 0x0000000100000000)
  region size 1024K, 22 young (22528K), 3 survivors (3072K)
 Metaspace       used 25847K, committed 26112K, reserved 1114112K
  class space    used 2871K, committed 3008K, reserved 1048576K
}
Event: 5.696 GC heap after
{Heap after GC invocations=6 (full 0):
 garbage-first heap   total 37888K, used 11213K [0x00000000c1c00000, 0x0000000100000000)
  region size 1024K, 3 young (3072K), 3 survivors (3072K)
 Metaspace       used 25847K, committed 26112K, reserved 1114112K
  class space    used 2871K, committed 3008K, reserved 1048576K
}
Event: 5.728 GC heap before
{Heap before GC invocations=6 (full 0):
 garbage-first heap   total 37888K, used 11213K [0x00000000c1c00000, 0x0000000100000000)
  region size 1024K, 4 young (4096K), 3 survivors (3072K)
 Metaspace       used 25963K, committed 26176K, reserved 1114112K
  class space    used 2892K, committed 3008K, reserved 1048576K
}
Event: 5.735 GC heap after
{Heap after GC invocations=7 (full 0):
 garbage-first heap   total 37888K, used 11500K [0x00000000c1c00000, 0x0000000100000000)
  region size 1024K, 1 young (1024K), 1 survivors (1024K)
 Metaspace       used 25963K, committed 26176K, reserved 1114112K
  class space    used 2892K, committed 3008K, reserved 1048576K
}
Event: 6.416 GC heap before
{Heap before GC invocations=7 (full 0):
 garbage-first heap   total 37888K, used 24812K [0x00000000c1c00000, 0x0000000100000000)
  region size 1024K, 14 young (14336K), 1 survivors (1024K)
 Metaspace       used 27223K, committed 27456K, reserved 1114112K
  class space    used 3028K, committed 3136K, reserved 1048576K
}
Event: 6.421 GC heap after
{Heap after GC invocations=8 (full 0):
 garbage-first heap   total 37888K, used 12355K [0x00000000c1c00000, 0x0000000100000000)
  region size 1024K, 2 young (2048K), 2 survivors (2048K)
 Metaspace       used 27223K, committed 27456K, reserved 1114112K
  class space    used 3028K, committed 3136K, reserved 1048576K
}
Event: 7.190 GC heap before
{Heap before GC invocations=8 (full 0):
 garbage-first heap   total 37888K, used 24643K [0x00000000c1c00000, 0x0000000100000000)
  region size 1024K, 15 young (15360K), 2 survivors (2048K)
 Metaspace       used 28776K, committed 29056K, reserved 1114112K
  class space    used 3226K, committed 3392K, reserved 1048576K
}
Event: 7.196 GC heap after
{Heap after GC invocations=9 (full 0):
 garbage-first heap   total 37888K, used 13255K [0x00000000c1c00000, 0x0000000100000000)
  region size 1024K, 1 young (1024K), 1 survivors (1024K)
 Metaspace       used 28776K, committed 29056K, reserved 1114112K
  class space    used 3226K, committed 3392K, reserved 1048576K
}
Event: 8.294 GC heap before
{Heap before GC invocations=9 (full 0):
 garbage-first heap   total 37888K, used 26567K [0x00000000c1c00000, 0x0000000100000000)
  region size 1024K, 14 young (14336K), 1 survivors (1024K)
 Metaspace       used 30840K, committed 31232K, reserved 1114112K
  class space    used 3533K, committed 3712K, reserved 1048576K
}
Event: 8.302 GC heap after
{Heap after GC invocations=10 (full 0):
 garbage-first heap   total 37888K, used 14288K [0x00000000c1c00000, 0x0000000100000000)
  region size 1024K, 2 young (2048K), 2 survivors (2048K)
 Metaspace       used 30840K, committed 31232K, reserved 1114112K
  class space    used 3533K, committed 3712K, reserved 1048576K
}

